<?xml version="1.0" encoding="UTF-8"?>
<!-- Generated by org.testng.reporters.JUnitReportReporter -->
<testsuite hostname="DESKTOP-6CQM396" failures="0" tests="4" name="com.flpkart.tests.PlaceOrder" time="12.050" errors="0" timestamp="2022-05-31T11:08:32 IST" skipped="0">
  <testcase classname="com.flpkart.tests.PlaceOrder" name="f" time="0.011"/>
  <system-out/>
  <testcase classname="com.flpkart.tests.PlaceOrder" name="f" time="0.007"/>
  <system-out/>
  <testcase classname="com.flpkart.tests.PlaceOrder" name="searchproductpage" time="5.186"/>
  <system-out/>
  <testcase classname="com.flpkart.tests.PlaceOrder" name="loginTest" time="6.846"/>
  <system-out/>
</testsuite> <!-- com.flpkart.tests.PlaceOrder -->
